#########################################################################
# commit: 48fdedfd292f5a0b2e86759a2f6d98936bcfcc93
#
# for e in `ls test/solvable4*` ; do
#	echo "$e:" ;
#	{ time ./target/release/npuzzle $e } 2>&1 | grep -i 'len\|cpu';
# done  > time_solvable4.log
#
#
# # cat time_solvable4.log| grep target | awk -F ' ' '{print $3}'
#########################################################################


test/solvable4_001:
len: 52 
Open_list.len() : 917029 
Close_list.len() : 788451 
All_list.len() : 1705481 (=? 1705480)
./target/release/npuzzle $e  5.05s user 0.21s system 99% cpu 5.270 total
test/solvable4_002:
len: 52 
Open_list.len() : 233934 
Close_list.len() : 192638 
All_list.len() : 426573 (=? 426572)
./target/release/npuzzle $e  1.14s user 0.06s system 99% cpu 1.208 total
test/solvable4_003:
len: 60 
Open_list.len() : 299508 
Close_list.len() : 243272 
All_list.len() : 542781 (=? 542780)
./target/release/npuzzle $e  1.52s user 0.10s system 99% cpu 1.635 total
test/solvable4_004:
len: 52 
Open_list.len() : 6509797 
Close_list.len() : 5941892 
All_list.len() : 12451690 (=? 12451689)
./target/release/npuzzle $e  43.19s user 1.76s system 99% cpu 45.010 total
test/solvable4_005:
len: 50 
Open_list.len() : 466078 
Close_list.len() : 412941 
All_list.len() : 879020 (=? 879019)
./target/release/npuzzle $e  2.49s user 0.11s system 99% cpu 2.607 total
test/solvable4_006:
len: 62 
Open_list.len() : 22677100 
Close_list.len() : 21086968 
All_list.len() : 43764069 (=? 43764068)
./target/release/npuzzle $e  167.56s user 9.38s system 93% cpu 3:08.97 total
test/solvable4_007:
len: 60 
Open_list.len() : 19545 
Close_list.len() : 16127 
All_list.len() : 35673 (=? 35672)
./target/release/npuzzle $e  0.08s user 0.01s system 94% cpu 0.100 total
test/solvable4_008:
len: 60 
Open_list.len() : 1973915 
Close_list.len() : 1665248 
All_list.len() : 3639164 (=? 3639163)
./target/release/npuzzle $e  11.24s user 0.47s system 99% cpu 11.734 total
test/solvable4_009:
len: 58 
Open_list.len() : 133485 
Close_list.len() : 109641 
All_list.len() : 243127 (=? 243126)
./target/release/npuzzle $e  0.62s user 0.04s system 98% cpu 0.666 total
test/solvable4_010:
len: 60 
Open_list.len() : 4370636 
Close_list.len() : 3834235 
All_list.len() : 8204872 (=? 8204871)
./target/release/npuzzle $e  28.18s user 1.43s system 99% cpu 29.662 total
test/solvable4_1:
len: 60 
Open_list.len() : 3960248 
Close_list.len() : 3594632 
All_list.len() : 7554881 (=? 7554880)
./target/release/npuzzle $e  24.95s user 0.95s system 99% cpu 25.950 total
test/solvable4_2:
len: 60 
Open_list.len() : 20033720 
Close_list.len() : 18562259 
All_list.len() : 38595980 (=? 38595979)
./target/release/npuzzle $e  144.70s user 6.64s system 99% cpu 2:31.87 total
test/solvable4_3:
len: 52 
Open_list.len() : 235855 
Close_list.len() : 200375 
All_list.len() : 436231 (=? 436230)
./target/release/npuzzle $e  1.17s user 0.06s system 99% cpu 1.234 total
